# JRE version: OpenJDK Runtime Environment (17.0.11+9) (build 17.0.11+9-Debian-1deb11u1)
# Java VM: OpenJDK 64-Bit Server VM (17.0.11+9-Debian-1deb11u1, mixed mode, sharing, tiered, compressed oops, compressed class ptrs, g1 gc, linux-amd64)
GC Precious Log:
 CPUs: 4 total, 4 available
 Memory: 16011M
 Large Page Support: Disabled
 NUMA Support: Disabled
 Compressed Oops: Enabled (Zero based)
 Heap Region Size: 8M
 Heap Min Capacity: 128M
 Heap Initial Capacity: 128M
 Heap Max Capacity: 14416M
 Pre-touch: Disabled
 Parallel Workers: 4
 Concurrent Workers: 1
 Concurrent Refinement Workers: 4
 Periodic GC: Disabled
Heap:
 garbage-first heap   total 1474560K, used 625767K [0x000000047b000000, 0x0000000800000000)
  region size 8192K, 14 young (114688K), 3 survivors (24576K)
 Metaspace       used 119755K, committed 121152K, reserved 1179648K
  class space    used 14872K, committed 15424K, reserved 1048576K
GC Heap History (20 events):
Event: 4.832 GC heap before
{Heap before GC invocations=15 (full 0):
 garbage-first heap   total 303104K, used 214591K [0x000000047b000000, 0x0000000800000000)
  region size 8192K, 16 young (131072K), 2 survivors (16384K)
 Metaspace       used 38762K, committed 39232K, reserved 1114112K
  class space    used 4703K, committed 4928K, reserved 1048576K
}
Event: 4.859 GC heap after
{Heap after GC invocations=16 (full 0):
 garbage-first heap   total 303104K, used 114734K [0x000000047b000000, 0x0000000800000000)
  region size 8192K, 2 young (16384K), 2 survivors (16384K)
 Metaspace       used 38762K, committed 39232K, reserved 1114112K
  class space    used 4703K, committed 4928K, reserved 1048576K
}
Event: 5.570 GC heap before
{Heap before GC invocations=16 (full 0):
 garbage-first heap   total 303104K, used 213038K [0x000000047b000000, 0x0000000800000000)
  region size 8192K, 14 young (114688K), 2 survivors (16384K)
 Metaspace       used 44372K, committed 44864K, reserved 1114112K
  class space    used 5283K, committed 5504K, reserved 1048576K
}
Event: 5.598 GC heap after
{Heap after GC invocations=17 (full 0):
 garbage-first heap   total 679936K, used 129962K [0x000000047b000000, 0x0000000800000000)
  region size 8192K, 2 young (16384K), 2 survivors (16384K)
 Metaspace       used 44372K, committed 44864K, reserved 1114112K
  class space    used 5283K, committed 5504K, reserved 1048576K
}
Event: 9.096 GC heap before
{Heap before GC invocations=17 (full 0):
 garbage-first heap   total 679936K, used 433066K [0x000000047b000000, 0x0000000800000000)
  region size 8192K, 40 young (327680K), 2 survivors (16384K)
 Metaspace       used 59831K, committed 60416K, reserved 1114112K
  class space    used 8297K, committed 8576K, reserved 1048576K
}
Event: 9.324 GC heap after
{Heap after GC invocations=18 (full 0):
 garbage-first heap   total 679936K, used 156941K [0x000000047b000000, 0x0000000800000000)
  region size 8192K, 6 young (49152K), 6 survivors (49152K)
 Metaspace       used 59831K, committed 60416K, reserved 1114112K
  class space    used 8297K, committed 8576K, reserved 1048576K
}
Event: 10.753 GC heap before
{Heap before GC invocations=19 (full 0):
 garbage-first heap   total 630784K, used 435469K [0x000000047b000000, 0x0000000800000000)
  region size 8192K, 40 young (327680K), 6 survivors (49152K)
 Metaspace       used 69539K, committed 70272K, reserved 1114112K
  class space    used 9958K, committed 10304K, reserved 1048576K
}
Event: 10.782 GC heap after
{Heap after GC invocations=20 (full 0):
 garbage-first heap   total 630784K, used 180789K [0x000000047b000000, 0x0000000800000000)
  region size 8192K, 3 young (24576K), 3 survivors (24576K)
 Metaspace       used 69539K, committed 70272K, reserved 1114112K
  class space    used 9958K, committed 10304K, reserved 1048576K
}
Event: 10.791 GC heap before
{Heap before GC invocations=20 (full 0):
 garbage-first heap   total 630784K, used 188981K [0x000000047b000000, 0x0000000800000000)
  region size 8192K, 4 young (32768K), 3 survivors (24576K)
 Metaspace       used 69546K, committed 70272K, reserved 1114112K
  class space    used 9959K, committed 10304K, reserved 1048576K
}
Event: 10.805 GC heap after
{Heap after GC invocations=21 (full 0):
 garbage-first heap   total 630784K, used 179535K [0x000000047b000000, 0x0000000800000000)
  region size 8192K, 1 young (8192K), 1 survivors (8192K)
 Metaspace       used 69546K, committed 70272K, reserved 1114112K
  class space    used 9959K, committed 10304K, reserved 1048576K
}
Event: 11.375 GC heap before
{Heap before GC invocations=21 (full 0):
 garbage-first heap   total 630784K, used 458063K [0x000000047b000000, 0x0000000800000000)
  region size 8192K, 35 young (286720K), 1 survivors (8192K)
 Metaspace       used 70525K, committed 71296K, reserved 1114112K
  class space    used 10083K, committed 10432K, reserved 1048576K
}
Event: 11.393 GC heap after
{Heap after GC invocations=22 (full 0):
 garbage-first heap   total 630784K, used 197064K [0x000000047b000000, 0x0000000800000000)
  region size 8192K, 3 young (24576K), 3 survivors (24576K)
 Metaspace       used 70525K, committed 71296K, reserved 1114112K
  class space    used 10083K, committed 10432K, reserved 1048576K
}
Event: 12.268 GC heap before
{Heap before GC invocations=23 (full 0):
 garbage-first heap   total 630784K, used 467400K [0x000000047b000000, 0x0000000800000000)
  region size 8192K, 36 young (294912K), 3 survivors (24576K)
 Metaspace       used 79443K, committed 80256K, reserved 1179648K
  class space    used 11248K, committed 11584K, reserved 1048576K
}
Event: 12.290 GC heap after
{Heap after GC invocations=24 (full 0):
 garbage-first heap   total 630784K, used 203240K [0x000000047b000000, 0x0000000800000000)
  region size 8192K, 2 young (16384K), 2 survivors (16384K)
 Metaspace       used 79443K, committed 80256K, reserved 1179648K
  class space    used 11248K, committed 11584K, reserved 1048576K
}
Event: 12.794 GC heap before
{Heap before GC invocations=24 (full 0):
 garbage-first heap   total 630784K, used 481768K [0x000000047b000000, 0x0000000800000000)
  region size 8192K, 36 young (294912K), 2 survivors (16384K)
 Metaspace       used 81315K, committed 82112K, reserved 1179648K
  class space    used 11510K, committed 11840K, reserved 1048576K
}
Event: 12.819 GC heap after
{Heap after GC invocations=25 (full 0):
 garbage-first heap   total 1474560K, used 213446K [0x000000047b000000, 0x0000000800000000)
  region size 8192K, 3 young (24576K), 3 survivors (24576K)
 Metaspace       used 81315K, committed 82112K, reserved 1179648K
  class space    used 11510K, committed 11840K, reserved 1048576K
}
Event: 23.434 GC heap before
{Heap before GC invocations=25 (full 0):
 garbage-first heap   total 1474560K, used 1016262K [0x000000047b000000, 0x0000000800000000)
  region size 8192K, 102 young (835584K), 3 survivors (24576K)
 Metaspace       used 111837K, committed 113216K, reserved 1179648K
  class space    used 13474K, committed 14016K, reserved 1048576K
}
Event: 23.731 GC heap after
{Heap after GC invocations=26 (full 0):
 garbage-first heap   total 1474560K, used 591621K [0x000000047b000000, 0x0000000800000000)
  region size 8192K, 13 young (106496K), 13 survivors (106496K)
 Metaspace       used 111837K, committed 113216K, reserved 1179648K
  class space    used 13474K, committed 14016K, reserved 1048576K
}
Event: 24.399 GC heap before
{Heap before GC invocations=26 (full 0):
 garbage-first heap   total 1474560K, used 722693K [0x000000047b000000, 0x0000000800000000)
  region size 8192K, 31 young (253952K), 13 survivors (106496K)
 Metaspace       used 119134K, committed 120448K, reserved 1179648K
  class space    used 14818K, committed 15360K, reserved 1048576K
}
Event: 24.424 GC heap after
{Heap after GC invocations=27 (full 0):
 garbage-first heap   total 1474560K, used 543847K [0x000000047b000000, 0x0000000800000000)
  region size 8192K, 3 young (24576K), 3 survivors (24576K)
 Metaspace       used 119134K, committed 120448K, reserved 1179648K
  class space    used 14818K, committed 15360K, reserved 1048576K
}

